2023-02-10 23:12:07,279 INFO org.hibernate.validator.internal.util.Version [background-preinit] HV000001: Hibernate Validator 6.2.5.Final
2023-02-10 23:12:07,294 INFO org.springframework.boot.StartupInfoLogger [main] Starting DataJpaBooksProjectApplication using Java 11.0.16.1 on DESKTOP-NUFLQTT with PID 11980 (C:\Users\dell\Desktop\data-jpa-books-project\data-jpa-books-project\target\classes started by dell in C:\Users\dell\Desktop\data-jpa-books-project\data-jpa-books-project)
2023-02-10 23:12:07,304 INFO org.springframework.boot.SpringApplication [main] No active profile set, falling back to 1 default profile: "default"
2023-02-10 23:12:11,378 INFO org.springframework.data.repository.config.RepositoryConfigurationDelegate [main] Bootstrapping Spring Data JPA repositories in DEFAULT mode.
2023-02-10 23:12:11,677 INFO org.springframework.data.repository.config.RepositoryConfigurationDelegate [main] Finished Spring Data repository scanning in 271 ms. Found 2 JPA repository interfaces.
2023-02-10 23:12:16,227 INFO org.springframework.boot.web.embedded.tomcat.TomcatWebServer [main] Tomcat initialized with port(s): 8080 (http)
2023-02-10 23:12:16,263 INFO org.apache.juli.logging.DirectJDKLog [main] Initializing ProtocolHandler ["http-nio-8080"]
2023-02-10 23:12:16,265 INFO org.apache.juli.logging.DirectJDKLog [main] Starting service [Tomcat]
2023-02-10 23:12:16,267 INFO org.apache.juli.logging.DirectJDKLog [main] Starting Servlet engine: [Apache Tomcat/9.0.71]
2023-02-10 23:12:17,705 INFO org.apache.juli.logging.DirectJDKLog [main] Initializing Spring embedded WebApplicationContext
2023-02-10 23:12:17,708 INFO org.springframework.boot.web.servlet.context.ServletWebServerApplicationContext [main] Root WebApplicationContext: initialization completed in 10153 ms
2023-02-10 23:12:21,417 INFO org.hibernate.jpa.internal.util.LogHelper [main] HHH000204: Processing PersistenceUnitInfo [name: default]
2023-02-10 23:12:22,810 INFO org.hibernate.Version [main] HHH000412: Hibernate ORM core version 5.6.14.Final
2023-02-10 23:12:25,353 INFO org.hibernate.annotations.common.reflection.java.JavaReflectionManager [main] HCANN000001: Hibernate Commons Annotations {5.1.2.Final}
2023-02-10 23:12:25,849 INFO com.zaxxer.hikari.HikariDataSource [main] HikariPool-1 - Starting...
2023-02-10 23:12:27,085 INFO com.zaxxer.hikari.HikariDataSource [main] HikariPool-1 - Start completed.
2023-02-10 23:12:27,155 INFO org.hibernate.dialect.Dialect [main] HHH000400: Using dialect: org.hibernate.dialect.MySQL8Dialect
2023-02-10 23:12:31,149 INFO org.hibernate.engine.transaction.jta.platform.internal.JtaPlatformInitiator [main] HHH000490: Using JtaPlatform implementation: [org.hibernate.engine.transaction.jta.platform.internal.NoJtaPlatform]
2023-02-10 23:12:31,172 INFO org.springframework.orm.jpa.AbstractEntityManagerFactoryBean [main] Initialized JPA EntityManagerFactory for persistence unit 'default'
2023-02-10 23:12:35,431 WARN org.springframework.boot.autoconfigure.orm.jpa.JpaBaseConfiguration$JpaWebConfiguration [main] spring.jpa.open-in-view is enabled by default. Therefore, database queries may be performed during view rendering. Explicitly configure spring.jpa.open-in-view to disable this warning
2023-02-10 23:12:38,428 INFO org.apache.juli.logging.DirectJDKLog [main] Starting ProtocolHandler ["http-nio-8080"]
2023-02-10 23:12:38,631 INFO org.springframework.boot.web.embedded.tomcat.TomcatWebServer [main] Tomcat started on port(s): 8080 (http) with context path ''
2023-02-10 23:12:38,757 INFO org.springframework.boot.StartupInfoLogger [main] Started DataJpaBooksProjectApplication in 32.972 seconds (JVM running for 35.162)
2023-02-10 23:12:39,013 DEBUG org.hibernate.engine.jdbc.spi.SqlStatementLogger [main] 
    select
        auther0_.id as id1_0_,
        auther0_.created_by as created_2_0_,
        auther0_.created_date as created_3_0_,
        auther0_.last_modified_by as last_mod4_0_,
        auther0_.last_modified_date as last_mod5_0_,
        auther0_.status_code as status_c6_0_,
        auther0_.email as email7_0_,
        auther0_.ip_address as ip_addre8_0_,
        auther0_.name as name9_0_,
        (select
            count(*) 
        from
            books book 
        where
            book.auther_id = auther0_.id) as formula1_ 
    from
        authers auther0_
2023-02-10 23:12:39,232 DEBUG org.hibernate.engine.jdbc.spi.SqlStatementLogger [main] 
    select
        book0_.id as id1_1_0_,
        auther1_.id as id1_0_1_,
        book0_.created_by as created_2_1_0_,
        book0_.created_date as created_3_1_0_,
        book0_.last_modified_by as last_mod4_1_0_,
        book0_.last_modified_date as last_mod5_1_0_,
        book0_.status_code as status_c6_1_0_,
        book0_.auther_id as auther_i9_1_0_,
        book0_.name as name7_1_0_,
        book0_.price as price8_1_0_,
        (select
            count(*) 
        from
            books) as formula2_0_,
        auther1_.created_by as created_2_0_1_,
        auther1_.created_date as created_3_0_1_,
        auther1_.last_modified_by as last_mod4_0_1_,
        auther1_.last_modified_date as last_mod5_0_1_,
        auther1_.status_code as status_c6_0_1_,
        auther1_.email as email7_0_1_,
        auther1_.ip_address as ip_addre8_0_1_,
        auther1_.name as name9_0_1_,
        (select
            count(*) 
        from
            books book 
        where
            book.auther_id = auther1_.id) as formula1_1_ 
    from
        books book0_ 
    left outer join
        authers auther1_ 
            on book0_.auther_id=auther1_.id
2023-02-10 23:25:38,876 INFO org.springframework.orm.jpa.AbstractEntityManagerFactoryBean [SpringApplicationShutdownHook] Closing JPA EntityManagerFactory for persistence unit 'default'
2023-02-10 23:25:38,883 INFO com.zaxxer.hikari.HikariDataSource [SpringApplicationShutdownHook] HikariPool-1 - Shutdown initiated...
2023-02-10 23:25:38,922 INFO com.zaxxer.hikari.HikariDataSource [SpringApplicationShutdownHook] HikariPool-1 - Shutdown completed.
